Yearstamps of input raster datasets:[2017]
Input rasters to be used for processing: lulc_esa_2017.tif, lulc_bbox_2017.tif
Bounding box for UK: {'name': 'UK', 'bbox': [-2.4224482920540216, 53.099904191450165, -1.3227548314941326, 53.774966158693715]}
****************************************
****************************************
****************************************
Timestamps considered: 2017-12-31
----------------------------------------
Filter variable name: filter_roads
Response status code: 200
Total unique attributes across all features, excluding metadata (@): 232
 - FIXME
 - FIXME:nsl
 - Not:name:note
 - abutters
 - access
 - access:conditional
 - active_traffic_management
 - addr:street
 - agricultural
 - alt_name
 - area
 - bicycle
 - bridge
 - bridge:alt_name
 - bridge:movable
 - bridge:name
 - bridge:ref
 - bridge_name
 - bridge_ref
 - bus
 - bus_bay
 - busway
 - busway:forward
 - busway:left
 - busway:right
 - car
 - carriageway_ref
 - comment
 - construction
 - construction:active_traffic_management
 - construction:oneway
 - construction:ref
 - covered
 - created_by
 - crossing
 - cutting
 - cycleway
 - cycleway:backward
 - cycleway:both
 - cycleway:forward
 - cycleway:left
 - cycleway:left:width
 - cycleway:oneside
 - cycleway:oneside:width
 - cycleway:otherside
 - cycleway:otherside:width
 - cycleway:right
 - cycleway:right:width
 - cycleway:width
 - description
 - description_ref
 - designation
 - destination
 - destination:lanes
 - destination:ref
 - direction
 - dual_carriageway
 - ele
 - electrified
 - embankment
 - emergency
 - est_width
 - fixme
 - foot
 - footway
 - footway:left
 - footway:right
 - footway:surface
 - frequency
 - gauge
 - goods
 - gritting
 - hazard
 - hgv
 - highway
 - highways_england:area
 - historic
 - history
 - horse
 - hov
 - hov:minimum
 - image
 - incline
 - int_ref
 - is_in
 - is_in:county
 - is_in:district
 - junction
 - kerb
 - lanes
 - lanes:backward
 - lanes:forward
 - lanes:left
 - lanes:psv:forward
 - lanes:right
 - layby
 - layer
 - lcn
 - lcn_name
 - lcn_ref
 - level
 - listed_status
 - lit
 - loc_name
 - maintenance
 - maxheight
 - maxheight:ft
 - maxheight:note
 - maxheight:physical
 - maxspeed
 - maxspeed:type
 - maxspeed:variable
 - maxweight
 - maxweight:conditional
 - maxweight:hgv
 - maxweight:hgv:conditional
 - maxwidth
 - maxwidth:bus
 - maxwidth:conditional
 - mkgmap:flare-check
 - motor_vehicle
 - motorcar
 - motorcycle
 - motorroad
 - name
 - name:note
 - name:signed
 - name:source
 - narrow
 - ncn
 - ncn_ref
 - not:name
 - not:name:note
 - not:source
 - note
 - note:name
 - notes
 - odbl
 - official_ref
 - old_name
 - old_ref
 - oneway
 - oneway:bicycle
 - oneway:bus
 - oneway:conditional
 - oneway:taxi
 - operator
 - overtaking
 - parking:condition:both
 - parking:condition:left
 - parking:condition:left:time_interval
 - parking:condition:right
 - parking:lane:both
 - parking:lane:both:parallel
 - parking:lane:both:parrellel:condition
 - parking:lane:left
 - parking:lane:left:parallel
 - parking:lane:right
 - parking:lane:right:parallel
 - phone
 - placement
 - postal_code
 - priority
 - proposed
 - proposed:active_traffic_management
 - proposed:bridge
 - proposed:highway
 - proposed:lanes
 - proposed:layer
 - proposed:maxspeed
 - proposed:ref
 - psv
 - railway
 - rcn_name
 - rcn_ref
 - ref
 - roundabout
 - route
 - segregated
 - service
 - sidewalk
 - source
 - source2
 - source:bridge
 - source:bridge_name
 - source:classigication
 - source:cycleway
 - source:geometry
 - source:highway
 - source:lcn
 - source:lit
 - source:maxheight
 - source:maxpseed
 - source:maxspeed
 - source:maxspeed:type
 - source:maxweight
 - source:maxwidth
 - source:name
 - source:ncn
 - source:old_name
 - source:old_ref
 - source:postal_code
 - source:railway
 - source:ref
 - source:shape
 - source:sidewalk
 - source_ref
 - source_ref:maxweight
 - source_ref:name
 - source_ref:ref
 - start_date
 - surface
 - surface:footway
 - taxi
 - tfgmcitycentre
 - toll
 - traffic_calming
 - traffic_restriction
 - tram
 - tunnel
 - tunnel_ref
 - turn:lanes
 - turn:lanes:backward
 - turn:lanes:forward
 - type
 - vehicle
 - verge
 - voltage
 - website
 - width
 - wikidata
 - wikipedia
GeoJSON has been saved to filter_roads.geojson
Query time: 6.180292367935181
Number of features: 24226
----------------------------------------
Filter variable name: filter_railways
Response status code: 200
Total unique attributes across all features, excluding metadata (@): 79
 - FIXME
 - addr:street
 - alt_name
 - bridge
 - bridge:name
 - bridge:ref
 - bridge_ref
 - bridge_route
 - bus
 - car
 - construction
 - construction:electrified
 - construction:frequency
 - construction:voltage
 - covered
 - created_by
 - cutting
 - designation
 - electrified
 - embankment
 - fixme
 - freight
 - frequency
 - gauge
 - highway
 - history
 - is_in
 - layer
 - level
 - lit
 - loading_gauge
 - loading_gauge:maxheight
 - loading_gauge:maxwidth
 - maxheight
 - maxspeed
 - maxspeed:hst
 - name
 - network
 - note
 - odbl
 - old_name
 - oneway
 - opening_hours
 - operator
 - oxymoron
 - passenger
 - passenger_lines
 - proposed:electrified
 - proposed:frequency
 - proposed:voltage
 - railway
 - railway:historic
 - railway:preserved
 - railway:traffic_mode
 - ref
 - ref:elr
 - ref:lor
 - ref:seq
 - service
 - source
 - source2
 - source:1
 - source:bridge:ref
 - source:name
 - source:ref
 - source:route
 - start_date
 - state
 - tourism
 - tracks
 - tunnel
 - tunnel:name
 - tunnel_name
 - type
 - usage
 - voltage
 - website
 - wikidata
 - wikipedia
GeoJSON has been saved to filter_railways.geojson
Query time: 1.8795268535614014
Number of features: 5955
----------------------------------------
Filter variable name: filter_waterways
Response status code: 200
Total unique attributes across all features, excluding metadata (@): 66
 - CEMT
 - VCNAME
 - VCNUMBER
 - admin_level
 - alt_lock_name
 - alt_name
 - alt_source
 - area
 - boat
 - boundary
 - bridge
 - bridge:movable
 - bridge:name
 - bridge_name
 - bridge_ref
 - covered
 - created_by
 - culvert
 - derelict
 - description
 - disused
 - ele
 - fixme
 - have_riverbank
 - historic
 - history
 - intermittent
 - is_in
 - landuse
 - layer
 - leisure
 - level
 - loc_name
 - location
 - lock
 - lock_name
 - lock_ref
 - maxlength
 - maxwidth
 - motorboat
 - name
 - narrow
 - natural
 - note
 - old_name
 - oneway
 - operator
 - passing
 - ref
 - route
 - source
 - source:lock
 - source:name
 - source_ref
 - start_date
 - towpath
 - tunnel
 - tunnel:name
 - tunnel_name
 - type
 - water
 - waterway
 - website
 - width
 - wikidata
 - wikipedia
GeoJSON has been saved to filter_waterways.geojson
Query time: 2.0054783821105957
Number of features: 2034
----------------------------------------
Filter variable name: filter_waterbodies
Response status code: 200
Total unique attributes across all features, excluding metadata (@): 60
 - FIXME
 - access
 - addr:city
 - addr:postcode
 - addr:street
 - alt_name
 - amenity
 - area
 - bank
 - barrier
 - basin
 - boat
 - bridge
 - building
 - covered
 - created_by
 - description
 - designation
 - disused
 - disused:natural
 - ele
 - extent
 - fishing
 - fixme
 - golf
 - historic
 - history
 - intermittent
 - is_in
 - key
 - landuse
 - layer
 - leisure
 - level
 - loc_name
 - lock
 - man_made
 - name
 - natural
 - note
 - note:en
 - old_name
 - old_owner
 - operator
 - role
 - site_type
 - source
 - source:name
 - source:natural
 - sport
 - start_date
 - tunnel
 - type
 - water
 - waterway
 - website
 - whitewater:section_grade
 - whitewater:section_name
 - wikidata
 - wikipedia
GeoJSON has been saved to filter_waterbodies.geojson
Query time: 31.01768946647644
Number of features: 3963
----------------------------------------
Filter variable name: filter_vineyards
Response status code: 200
Total unique attributes across all features, excluding metadata (@): 7
 - addr:housename
 - addr:postcode
 - addr:street
 - landuse
 - name
 - source
 - website
GeoJSON has been saved to filter_vineyards.geojson
Query time: 25.47188401222229
Number of features: 3
----------------------------------------
